android/app/build/intermediates/manifest_merge_blame_file/debug/manifest-merger-blame-debug-report.txt
1<?xml version="1.0" encoding="utf-8"?>
2<manifest xmlns:android="http://schemas.android.com/apk/res/android"
3    package="com.templateproject"
4    android:versionCode="1"
5    android:versionName="1.0" >
6
7    <uses-sdk
8        android:minSdkVersion="21"
9        android:targetSdkVersion="34" />
10
11    <uses-permission android:name="android.permission.INTERNET" />
11-->src\main\AndroidManifest.xml:3:5-67
11-->src\main\AndroidManifest.xml:3:22-64
12    <!--
13    This manifest file is used only by Gradle to configure debug-only capabilities
14    for React Native Apps.
15    -->
16    <uses-permission android:name="android.permission.SYSTEM_ALERT_WINDOW" />
16-->[com.facebook.react:react-android:0.73.2] AndroidManifest.xml:16:5-78
16-->[com.facebook.react:react-android:0.73.2] AndroidManifest.xml:16:22-75
17    <uses-permission android:name="android.permission.ACCESS_WIFI_STATE" />
17-->[com.facebook.flipper:flipper:0.201.0] AndroidManifest.xml:14:5-76
17-->[com.facebook.flipper:flipper:0.201.0] AndroidManifest.xml:14:22-73
18    <uses-permission android:name="android.permission.WAKE_LOCK" />
18-->[androidx.work:work-runtime:2.8.0] AndroidManifest.xml:23:5-68
18-->[androidx.work:work-runtime:2.8.0] AndroidManifest.xml:23:22-65
19    <uses-permission android:name="android.permission.ACCESS_NETWORK_STATE" />
19-->[androidx.work:work-runtime:2.8.0] AndroidManifest.xml:24:5-79
19-->[androidx.work:work-runtime:2.8.0] AndroidManifest.xml:24:22-76
20    <uses-permission android:name="android.permission.RECEIVE_BOOT_COMPLETED" />
20-->[androidx.work:work-runtime:2.8.0] AndroidManifest.xml:25:5-81
20-->[androidx.work:work-runtime:2.8.0] AndroidManifest.xml:25:22-78
21    <uses-permission android:name="android.permission.FOREGROUND_SERVICE" />
21-->[androidx.work:work-runtime:2.8.0] AndroidManifest.xml:26:5-77
21-->[androidx.work:work-runtime:2.8.0] AndroidManifest.xml:26:22-74
22
23    <permission
23-->[androidx.core:core:1.9.0] AndroidManifest.xml:22:5-24:47
24        android:name="com.templateproject.DYNAMIC_RECEIVER_NOT_EXPORTED_PERMISSION"
24-->[androidx.core:core:1.9.0] AndroidManifest.xml:23:9-81
25        android:protectionLevel="signature" />
25-->[androidx.core:core:1.9.0] AndroidManifest.xml:24:9-44
26
27    <uses-permission android:name="com.templateproject.DYNAMIC_RECEIVER_NOT_EXPORTED_PERMISSION" />
27-->[androidx.core:core:1.9.0] AndroidManifest.xml:26:5-97
27-->[androidx.core:core:1.9.0] AndroidManifest.xml:26:22-94
28    <uses-permission android:name="android.permission.POST_NOTIFICATIONS" />
28-->[app.notifee:core:202108261754] AndroidManifest.xml:9:5-77
28-->[app.notifee:core:202108261754] AndroidManifest.xml:9:22-74
29    <uses-permission android:name="android.permission.VIBRATE" />
29-->[app.notifee:core:202108261754] AndroidManifest.xml:13:5-66
29-->[app.notifee:core:202108261754] AndroidManifest.xml:13:22-63
30    <uses-permission android:name="android.permission.USE_FULL_SCREEN_INTENT" />
30-->[app.notifee:core:202108261754] AndroidManifest.xml:16:5-81
30-->[app.notifee:core:202108261754] AndroidManifest.xml:16:22-78
31    <uses-permission android:name="android.permission.SCHEDULE_EXACT_ALARM" />
31-->[app.notifee:core:202108261754] AndroidManifest.xml:17:5-79
31-->[app.notifee:core:202108261754] AndroidManifest.xml:17:22-76
32    <uses-permission
32-->[app.notifee:core:202108261754] AndroidManifest.xml:18:5-20:38
33        android:name="android.permission.BROADCAST_CLOSE_SYSTEM_DIALOGS"
33-->[app.notifee:core:202108261754] AndroidManifest.xml:19:9-73
34        android:maxSdkVersion="30" /> <!-- For Xiaomi devices to enable heads-up notifications as default (https://github.com/invertase/notifee/issues/296) -->
34-->[app.notifee:core:202108261754] AndroidManifest.xml:20:9-35
35    <uses-permission
35-->[app.notifee:core:202108261754] AndroidManifest.xml:22:5-24:38
36        android:name="android.permission.ACCESS_NOTIFICATION_POLICY"
36-->[app.notifee:core:202108261754] AndroidManifest.xml:23:9-69
37        android:minSdkVersion="23" />
37-->[app.notifee:core:202108261754] AndroidManifest.xml:24:9-35
38
39    <application
39-->src\main\AndroidManifest.xml:5:5-24:19
40        android:name="com.templateproject.MainApplication"
40-->src\main\AndroidManifest.xml:6:7-38
41        android:allowBackup="false"
41-->src\main\AndroidManifest.xml:10:7-34
42        android:appComponentFactory="androidx.core.app.CoreComponentFactory"
42-->[androidx.core:core:1.9.0] AndroidManifest.xml:28:18-86
43        android:debuggable="true"
44        android:extractNativeLibs="true"
45        android:icon="@mipmap/ic_launcher"
45-->src\main\AndroidManifest.xml:8:7-41
46        android:label="@string/app_name"
46-->src\main\AndroidManifest.xml:7:7-39
47        android:roundIcon="@mipmap/ic_launcher_round"
47-->src\main\AndroidManifest.xml:9:7-52
48        android:theme="@style/AppTheme"
48-->src\main\AndroidManifest.xml:11:7-38
49        android:usesCleartextTraffic="true" >
49-->src\debug\AndroidManifest.xml:6:9-44
50        <activity
50-->src\main\AndroidManifest.xml:12:7-23:18
51            android:name="com.templateproject.MainActivity"
51-->src\main\AndroidManifest.xml:13:9-37
52            android:configChanges="keyboard|keyboardHidden|orientation|screenLayout|screenSize|smallestScreenSize|uiMode"
52-->src\main\AndroidManifest.xml:15:9-118
53            android:exported="true"
53-->src\main\AndroidManifest.xml:18:9-32
54            android:label="@string/app_name"
54-->src\main\AndroidManifest.xml:14:9-41
55            android:launchMode="singleTask"
55-->src\main\AndroidManifest.xml:16:9-40
56            android:windowSoftInputMode="adjustResize" >
56-->src\main\AndroidManifest.xml:17:9-51
57            <intent-filter>
57-->src\main\AndroidManifest.xml:19:9-22:25
58                <action android:name="android.intent.action.MAIN" />
58-->src\main\AndroidManifest.xml:20:13-65
58-->src\main\AndroidManifest.xml:20:21-62
59
60                <category android:name="android.intent.category.LAUNCHER" />
60-->src\main\AndroidManifest.xml:21:13-73
60-->src\main\AndroidManifest.xml:21:23-70
61            </intent-filter>
62        </activity>
63
64        <provider
64-->[:notifee_react-native] AndroidManifest.xml:8:9-12:40
65            android:name="io.invertase.notifee.NotifeeInitProvider"
65-->[:notifee_react-native] AndroidManifest.xml:9:13-68
66            android:authorities="com.templateproject.notifee-init-provider"
66-->[:notifee_react-native] AndroidManifest.xml:10:13-73
67            android:exported="false"
67-->[:notifee_react-native] AndroidManifest.xml:11:13-37
68            android:initOrder="-100" />
68-->[:notifee_react-native] AndroidManifest.xml:12:13-37
69
70        <activity
70-->[com.facebook.react:react-android:0.73.2] AndroidManifest.xml:19:9-21:40
71            android:name="com.facebook.react.devsupport.DevSettingsActivity"
71-->[com.facebook.react:react-android:0.73.2] AndroidManifest.xml:20:13-77
72            android:exported="false" />
72-->[com.facebook.react:react-android:0.73.2] AndroidManifest.xml:21:13-37
73
74        <meta-data
74-->[com.google.android.gms:play-services-basement:18.0.0] AndroidManifest.xml:21:9-23:69
75            android:name="com.google.android.gms.version"
75-->[com.google.android.gms:play-services-basement:18.0.0] AndroidManifest.xml:22:13-58
76            android:value="@integer/google_play_services_version" />
76-->[com.google.android.gms:play-services-basement:18.0.0] AndroidManifest.xml:23:13-66
77
78        <provider
78-->[androidx.work:work-runtime:2.8.0] AndroidManifest.xml:29:9-37:20
79            android:name="androidx.startup.InitializationProvider"
79-->[androidx.work:work-runtime:2.8.0] AndroidManifest.xml:30:13-67
80            android:authorities="com.templateproject.androidx-startup"
80-->[androidx.work:work-runtime:2.8.0] AndroidManifest.xml:31:13-68
81            android:exported="false" >
81-->[androidx.work:work-runtime:2.8.0] AndroidManifest.xml:32:13-37
82            <meta-data
82-->[androidx.work:work-runtime:2.8.0] AndroidManifest.xml:34:13-36:52
83                android:name="androidx.work.WorkManagerInitializer"
83-->[androidx.work:work-runtime:2.8.0] AndroidManifest.xml:35:17-68
84                android:value="androidx.startup" />
84-->[androidx.work:work-runtime:2.8.0] AndroidManifest.xml:36:17-49
85            <meta-data
85-->[androidx.emoji2:emoji2:1.2.0] AndroidManifest.xml:29:13-31:52
86                android:name="androidx.emoji2.text.EmojiCompatInitializer"
86-->[androidx.emoji2:emoji2:1.2.0] AndroidManifest.xml:30:17-75
87                android:value="androidx.startup" />
87-->[androidx.emoji2:emoji2:1.2.0] AndroidManifest.xml:31:17-49
88            <meta-data
88-->[androidx.lifecycle:lifecycle-process:2.4.1] AndroidManifest.xml:31:13-33:52
89                android:name="androidx.lifecycle.ProcessLifecycleInitializer"
89-->[androidx.lifecycle:lifecycle-process:2.4.1] AndroidManifest.xml:32:17-78
90                android:value="androidx.startup" />
90-->[androidx.lifecycle:lifecycle-process:2.4.1] AndroidManifest.xml:33:17-49
91        </provider>
92
93        <service
93-->[androidx.work:work-runtime:2.8.0] AndroidManifest.xml:39:9-45:35
94            android:name="androidx.work.impl.background.systemalarm.SystemAlarmService"
94-->[androidx.work:work-runtime:2.8.0] AndroidManifest.xml:40:13-88
95            android:directBootAware="false"
95-->[androidx.work:work-runtime:2.8.0] AndroidManifest.xml:41:13-44
96            android:enabled="@bool/enable_system_alarm_service_default"
96-->[androidx.work:work-runtime:2.8.0] AndroidManifest.xml:42:13-72
97            android:exported="false" />
97-->[androidx.work:work-runtime:2.8.0] AndroidManifest.xml:43:13-37
98        <service
98-->[androidx.work:work-runtime:2.8.0] AndroidManifest.xml:46:9-52:35
99            android:name="androidx.work.impl.background.systemjob.SystemJobService"
99-->[androidx.work:work-runtime:2.8.0] AndroidManifest.xml:47:13-84
100            android:directBootAware="false"
100-->[androidx.work:work-runtime:2.8.0] AndroidManifest.xml:48:13-44
101            android:enabled="@bool/enable_system_job_service_default"
101-->[androidx.work:work-runtime:2.8.0] AndroidManifest.xml:49:13-70
102            android:exported="true"
102-->[androidx.work:work-runtime:2.8.0] AndroidManifest.xml:50:13-36
103            android:permission="android.permission.BIND_JOB_SERVICE" />
103-->[androidx.work:work-runtime:2.8.0] AndroidManifest.xml:51:13-69
104        <service
104-->[androidx.work:work-runtime:2.8.0] AndroidManifest.xml:53:9-59:35
105            android:name="androidx.work.impl.foreground.SystemForegroundService"
105-->[androidx.work:work-runtime:2.8.0] AndroidManifest.xml:54:13-81
106            android:directBootAware="false"
106-->[androidx.work:work-runtime:2.8.0] AndroidManifest.xml:55:13-44
107            android:enabled="@bool/enable_system_foreground_service_default"
107-->[androidx.work:work-runtime:2.8.0] AndroidManifest.xml:56:13-77
108            android:exported="false" />
108-->[androidx.work:work-runtime:2.8.0] AndroidManifest.xml:57:13-37
109
110        <receiver
110-->[androidx.work:work-runtime:2.8.0] AndroidManifest.xml:61:9-66:35
111            android:name="androidx.work.impl.utils.ForceStopRunnable$BroadcastReceiver"
111-->[androidx.work:work-runtime:2.8.0] AndroidManifest.xml:62:13-88
112            android:directBootAware="false"
112-->[androidx.work:work-runtime:2.8.0] AndroidManifest.xml:63:13-44
113            android:enabled="true"
113-->[androidx.work:work-runtime:2.8.0] AndroidManifest.xml:64:13-35
114            android:exported="false" />
114-->[androidx.work:work-runtime:2.8.0] AndroidManifest.xml:65:13-37
115        <receiver
115-->[androidx.work:work-runtime:2.8.0] AndroidManifest.xml:67:9-77:20
116            android:name="androidx.work.impl.background.systemalarm.ConstraintProxy$BatteryChargingProxy"
116-->[androidx.work:work-runtime:2.8.0] AndroidManifest.xml:68:13-106
117            android:directBootAware="false"
117-->[androidx.work:work-runtime:2.8.0] AndroidManifest.xml:69:13-44
118            android:enabled="false"
118-->[androidx.work:work-runtime:2.8.0] AndroidManifest.xml:70:13-36
119            android:exported="false" >
119-->[androidx.work:work-runtime:2.8.0] AndroidManifest.xml:71:13-37
120            <intent-filter>
120-->[androidx.work:work-runtime:2.8.0] AndroidManifest.xml:73:13-76:29
121                <action android:name="android.intent.action.ACTION_POWER_CONNECTED" />
121-->[androidx.work:work-runtime:2.8.0] AndroidManifest.xml:74:17-87
121-->[androidx.work:work-runtime:2.8.0] AndroidManifest.xml:74:25-84
122                <action android:name="android.intent.action.ACTION_POWER_DISCONNECTED" />
122-->[androidx.work:work-runtime:2.8.0] AndroidManifest.xml:75:17-90
122-->[androidx.work:work-runtime:2.8.0] AndroidManifest.xml:75:25-87
123            </intent-filter>
124        </receiver>
125        <receiver
125-->[androidx.work:work-runtime:2.8.0] AndroidManifest.xml:78:9-88:20
126            android:name="androidx.work.impl.background.systemalarm.ConstraintProxy$BatteryNotLowProxy"
126-->[androidx.work:work-runtime:2.8.0] AndroidManifest.xml:79:13-104
127            android:directBootAware="false"
127-->[androidx.work:work-runtime:2.8.0] AndroidManifest.xml:80:13-44
128            android:enabled="false"
128-->[androidx.work:work-runtime:2.8.0] AndroidManifest.xml:81:13-36
129            android:exported="false" >
129-->[androidx.work:work-runtime:2.8.0] AndroidManifest.xml:82:13-37
130            <intent-filter>
130-->[androidx.work:work-runtime:2.8.0] AndroidManifest.xml:84:13-87:29
131                <action android:name="android.intent.action.BATTERY_OKAY" />
131-->[androidx.work:work-runtime:2.8.0] AndroidManifest.xml:85:17-77
131-->[androidx.work:work-runtime:2.8.0] AndroidManifest.xml:85:25-74
132                <action android:name="android.intent.action.BATTERY_LOW" />
132-->[androidx.work:work-runtime:2.8.0] AndroidManifest.xml:86:17-76
132-->[androidx.work:work-runtime:2.8.0] AndroidManifest.xml:86:25-73
133            </intent-filter>
134        </receiver>
135        <receiver
135-->[androidx.work:work-runtime:2.8.0] AndroidManifest.xml:89:9-99:20
136            android:name="androidx.work.impl.background.systemalarm.ConstraintProxy$StorageNotLowProxy"
136-->[androidx.work:work-runtime:2.8.0] AndroidManifest.xml:90:13-104
137            android:directBootAware="false"
137-->[androidx.work:work-runtime:2.8.0] AndroidManifest.xml:91:13-44
138            android:enabled="false"
138-->[androidx.work:work-runtime:2.8.0] AndroidManifest.xml:92:13-36
139            android:exported="false" >
139-->[androidx.work:work-runtime:2.8.0] AndroidManifest.xml:93:13-37
140            <intent-filter>
140-->[androidx.work:work-runtime:2.8.0] AndroidManifest.xml:95:13-98:29
141                <action android:name="android.intent.action.DEVICE_STORAGE_LOW" />
141-->[androidx.work:work-runtime:2.8.0] AndroidManifest.xml:96:17-83
141-->[androidx.work:work-runtime:2.8.0] AndroidManifest.xml:96:25-80
142                <action android:name="android.intent.action.DEVICE_STORAGE_OK" />
142-->[androidx.work:work-runtime:2.8.0] AndroidManifest.xml:97:17-82
142-->[androidx.work:work-runtime:2.8.0] AndroidManifest.xml:97:25-79
143            </intent-filter>
144        </receiver>
145        <receiver
145-->[androidx.work:work-runtime:2.8.0] AndroidManifest.xml:100:9-109:20
146            android:name="androidx.work.impl.background.systemalarm.ConstraintProxy$NetworkStateProxy"
146-->[androidx.work:work-runtime:2.8.0] AndroidManifest.xml:101:13-103
147            android:directBootAware="false"
147-->[androidx.work:work-runtime:2.8.0] AndroidManifest.xml:102:13-44
148            android:enabled="false"
148-->[androidx.work:work-runtime:2.8.0] AndroidManifest.xml:103:13-36
149            android:exported="false" >
149-->[androidx.work:work-runtime:2.8.0] AndroidManifest.xml:104:13-37
150            <intent-filter>
150-->[androidx.work:work-runtime:2.8.0] AndroidManifest.xml:106:13-108:29
151                <action android:name="android.net.conn.CONNECTIVITY_CHANGE" />
151-->[androidx.work:work-runtime:2.8.0] AndroidManifest.xml:107:17-79
151-->[androidx.work:work-runtime:2.8.0] AndroidManifest.xml:107:25-76
152            </intent-filter>
153        </receiver>
154        <receiver
154-->[androidx.work:work-runtime:2.8.0] AndroidManifest.xml:110:9-121:20
155            android:name="androidx.work.impl.background.systemalarm.RescheduleReceiver"
155-->[androidx.work:work-runtime:2.8.0] AndroidManifest.xml:111:13-88
156            android:directBootAware="false"
156-->[androidx.work:work-runtime:2.8.0] AndroidManifest.xml:112:13-44
157            android:enabled="false"
157-->[androidx.work:work-runtime:2.8.0] AndroidManifest.xml:113:13-36
158            android:exported="false" >
158-->[androidx.work:work-runtime:2.8.0] AndroidManifest.xml:114:13-37
159            <intent-filter>
159-->[androidx.work:work-runtime:2.8.0] AndroidManifest.xml:116:13-120:29
160                <action android:name="android.intent.action.BOOT_COMPLETED" />
160-->[androidx.work:work-runtime:2.8.0] AndroidManifest.xml:117:17-79
160-->[androidx.work:work-runtime:2.8.0] AndroidManifest.xml:117:25-76
161                <action android:name="android.intent.action.TIME_SET" />
161-->[androidx.work:work-runtime:2.8.0] AndroidManifest.xml:118:17-73
161-->[androidx.work:work-runtime:2.8.0] AndroidManifest.xml:118:25-70
162                <action android:name="android.intent.action.TIMEZONE_CHANGED" />
162-->[androidx.work:work-runtime:2.8.0] AndroidManifest.xml:119:17-81
162-->[androidx.work:work-runtime:2.8.0] AndroidManifest.xml:119:25-78
163            </intent-filter>
164        </receiver>
165        <receiver
165-->[androidx.work:work-runtime:2.8.0] AndroidManifest.xml:122:9-131:20
166            android:name="androidx.work.impl.background.systemalarm.ConstraintProxyUpdateReceiver"
166-->[androidx.work:work-runtime:2.8.0] AndroidManifest.xml:123:13-99
167            android:directBootAware="false"
167-->[androidx.work:work-runtime:2.8.0] AndroidManifest.xml:124:13-44
168            android:enabled="@bool/enable_system_alarm_service_default"
168-->[androidx.work:work-runtime:2.8.0] AndroidManifest.xml:125:13-72
169            android:exported="false" >
169-->[androidx.work:work-runtime:2.8.0] AndroidManifest.xml:126:13-37
170            <intent-filter>
170-->[androidx.work:work-runtime:2.8.0] AndroidManifest.xml:128:13-130:29
171                <action android:name="androidx.work.impl.background.systemalarm.UpdateProxies" />
171-->[androidx.work:work-runtime:2.8.0] AndroidManifest.xml:129:17-98
171-->[androidx.work:work-runtime:2.8.0] AndroidManifest.xml:129:25-95
172            </intent-filter>
173        </receiver>
174        <receiver
174-->[androidx.work:work-runtime:2.8.0] AndroidManifest.xml:132:9-142:20
175            android:name="androidx.work.impl.diagnostics.DiagnosticsReceiver"
175-->[androidx.work:work-runtime:2.8.0] AndroidManifest.xml:133:13-78
176            android:directBootAware="false"
176-->[androidx.work:work-runtime:2.8.0] AndroidManifest.xml:134:13-44
177            android:enabled="true"
177-->[androidx.work:work-runtime:2.8.0] AndroidManifest.xml:135:13-35
178            android:exported="true"
178-->[androidx.work:work-runtime:2.8.0] AndroidManifest.xml:136:13-36
179            android:permission="android.permission.DUMP" >
179-->[androidx.work:work-runtime:2.8.0] AndroidManifest.xml:137:13-57
180            <intent-filter>
180-->[androidx.work:work-runtime:2.8.0] AndroidManifest.xml:139:13-141:29
181                <action android:name="androidx.work.diagnostics.REQUEST_DIAGNOSTICS" />
181-->[androidx.work:work-runtime:2.8.0] AndroidManifest.xml:140:17-88
181-->[androidx.work:work-runtime:2.8.0] AndroidManifest.xml:140:25-85
182            </intent-filter>
183        </receiver>
184
185        <service
185-->[androidx.room:room-runtime:2.5.0] AndroidManifest.xml:24:9-28:63
186            android:name="androidx.room.MultiInstanceInvalidationService"
186-->[androidx.room:room-runtime:2.5.0] AndroidManifest.xml:25:13-74
187            android:directBootAware="true"
187-->[androidx.room:room-runtime:2.5.0] AndroidManifest.xml:26:13-43
188            android:exported="false" />
188-->[androidx.room:room-runtime:2.5.0] AndroidManifest.xml:27:13-37
189
190        <meta-data
190-->[com.facebook.soloader:soloader:0.10.5] AndroidManifest.xml:12:9-14:37
191            android:name="com.facebook.soloader.enabled"
191-->[com.facebook.soloader:soloader:0.10.5] AndroidManifest.xml:13:13-57
192            android:value="false" /> <!-- Receiver Service -->
192-->[com.facebook.soloader:soloader:0.10.5] AndroidManifest.xml:14:13-34
193        <service
193-->[app.notifee:core:202108261754] AndroidManifest.xml:29:9-31:40
194            android:name="app.notifee.core.ReceiverService"
194-->[app.notifee:core:202108261754] AndroidManifest.xml:30:13-60
195            android:exported="false" />
195-->[app.notifee:core:202108261754] AndroidManifest.xml:31:13-37
196
197        <activity
197-->[app.notifee:core:202108261754] AndroidManifest.xml:33:9-39:75
198            android:name="app.notifee.core.NotificationReceiverActivity"
198-->[app.notifee:core:202108261754] AndroidManifest.xml:34:13-73
199            android:excludeFromRecents="true"
199-->[app.notifee:core:202108261754] AndroidManifest.xml:35:13-46
200            android:exported="true"
200-->[app.notifee:core:202108261754] AndroidManifest.xml:36:13-36
201            android:noHistory="true"
201-->[app.notifee:core:202108261754] AndroidManifest.xml:37:13-37
202            android:taskAffinity=""
202-->[app.notifee:core:202108261754] AndroidManifest.xml:38:13-36
203            android:theme="@android:style/Theme.Translucent.NoTitleBar" /> <!-- Foreground Service -->
203-->[app.notifee:core:202108261754] AndroidManifest.xml:39:13-72
204        <service
204-->[app.notifee:core:202108261754] AndroidManifest.xml:42:9-44:40
205            android:name="app.notifee.core.ForegroundService"
205-->[app.notifee:core:202108261754] AndroidManifest.xml:43:13-62
206            android:exported="false" />
206-->[app.notifee:core:202108261754] AndroidManifest.xml:44:13-37
207
208        <receiver
208-->[app.notifee:core:202108261754] AndroidManifest.xml:46:9-54:20
209            android:name="app.notifee.core.RebootBroadcastReceiver"
209-->[app.notifee:core:202108261754] AndroidManifest.xml:47:13-68
210            android:exported="false" >
210-->[app.notifee:core:202108261754] AndroidManifest.xml:48:13-37
211            <intent-filter>
211-->[app.notifee:core:202108261754] AndroidManifest.xml:49:13-53:29
212                <action android:name="android.intent.action.BOOT_COMPLETED" />
212-->[androidx.work:work-runtime:2.8.0] AndroidManifest.xml:117:17-79
212-->[androidx.work:work-runtime:2.8.0] AndroidManifest.xml:117:25-76
213                <action android:name="android.intent.action.QUICKBOOT_POWERON" />
213-->[app.notifee:core:202108261754] AndroidManifest.xml:51:17-82
213-->[app.notifee:core:202108261754] AndroidManifest.xml:51:25-79
214                <action android:name="com.htc.intent.action.QUICKBOOT_POWERON" />
214-->[app.notifee:core:202108261754] AndroidManifest.xml:52:17-82
214-->[app.notifee:core:202108261754] AndroidManifest.xml:52:25-79
215            </intent-filter>
216        </receiver>
217        <receiver
217-->[app.notifee:core:202108261754] AndroidManifest.xml:55:9-61:20
218            android:name="app.notifee.core.AlarmPermissionBroadcastReceiver"
218-->[app.notifee:core:202108261754] AndroidManifest.xml:56:13-77
219            android:exported="true" >
219-->[app.notifee:core:202108261754] AndroidManifest.xml:57:13-36
220            <intent-filter>
220-->[app.notifee:core:202108261754] AndroidManifest.xml:58:13-60:29
221                <action android:name="android.app.action.SCHEDULE_EXACT_ALARM_PERMISSION_STATE_CHANGED" />
221-->[app.notifee:core:202108261754] AndroidManifest.xml:59:17-107
221-->[app.notifee:core:202108261754] AndroidManifest.xml:59:25-104
222            </intent-filter>
223        </receiver>
224        <receiver
224-->[app.notifee:core:202108261754] AndroidManifest.xml:62:9-70:20
225            android:name="app.notifee.core.NotificationAlarmReceiver"
225-->[app.notifee:core:202108261754] AndroidManifest.xml:63:13-70
226            android:exported="false" >
226-->[app.notifee:core:202108261754] AndroidManifest.xml:64:13-37
227            <intent-filter>
227-->[app.notifee:core:202108261754] AndroidManifest.xml:49:13-53:29
228                <action android:name="android.intent.action.BOOT_COMPLETED" />
228-->[androidx.work:work-runtime:2.8.0] AndroidManifest.xml:117:17-79
228-->[androidx.work:work-runtime:2.8.0] AndroidManifest.xml:117:25-76
229                <action android:name="android.intent.action.QUICKBOOT_POWERON" />
229-->[app.notifee:core:202108261754] AndroidManifest.xml:51:17-82
229-->[app.notifee:core:202108261754] AndroidManifest.xml:51:25-79
230                <action android:name="com.htc.intent.action.QUICKBOOT_POWERON" />
230-->[app.notifee:core:202108261754] AndroidManifest.xml:52:17-82
230-->[app.notifee:core:202108261754] AndroidManifest.xml:52:25-79
231            </intent-filter>
232        </receiver> <!-- Broadcast Receiver -->
233        <receiver
233-->[app.notifee:core:202108261754] AndroidManifest.xml:73:9-81:20
234            android:name="app.notifee.core.BlockStateBroadcastReceiver"
234-->[app.notifee:core:202108261754] AndroidManifest.xml:74:13-72
235            android:exported="false" >
235-->[app.notifee:core:202108261754] AndroidManifest.xml:75:13-37
236            <intent-filter>
236-->[app.notifee:core:202108261754] AndroidManifest.xml:76:13-80:29
237                <action android:name="android.app.action.APP_BLOCK_STATE_CHANGED" />
237-->[app.notifee:core:202108261754] AndroidManifest.xml:77:17-85
237-->[app.notifee:core:202108261754] AndroidManifest.xml:77:25-82
238                <action android:name="android.app.action.NOTIFICATION_CHANNEL_BLOCK_STATE_CHANGED" />
238-->[app.notifee:core:202108261754] AndroidManifest.xml:78:17-102
238-->[app.notifee:core:202108261754] AndroidManifest.xml:78:25-99
239                <action android:name="android.app.action.NOTIFICATION_CHANNEL_GROUP_BLOCK_STATE_CHANGED" />
239-->[app.notifee:core:202108261754] AndroidManifest.xml:79:17-108
239-->[app.notifee:core:202108261754] AndroidManifest.xml:79:25-105
240            </intent-filter>
241        </receiver>
242    </application>
243
244</manifest>